{"contracts\\FeeToken.sol":{"l":{"9":15},"path":"C:\\Users\\jafari\\thesis-hardhat\\coin\\contracts\\FeeToken.sol","s":{"1":15},"b":{},"f":{"1":15},"fnMap":{"1":{"name":"constructor","line":8,"loc":{"start":{"line":8,"column":4},"end":{"line":10,"column":4}}}},"statementMap":{"1":{"start":{"line":9,"column":8},"end":{"line":9,"column":52}}},"branchMap":{}},"contracts\\patient.sol":{"l":{"48":15,"49":15,"53":8,"54":8,"58":0,"59":0,"63":2,"67":2,"71":0,"75":8,"79":6,"80":6,"81":6,"82":6,"87":1,"88":1,"89":1,"90":1,"91":1,"92":1,"93":1,"99":1,"103":0,"104":0,"108":0,"112":0,"113":0,"117":1,"121":1,"125":0,"130":1,"134":0,"135":0,"137":0,"138":0},"path":"C:\\Users\\jafari\\thesis-hardhat\\coin\\contracts\\patient.sol","s":{"1":8,"2":0,"3":2,"4":0,"5":8,"6":6,"7":6,"8":6,"9":1,"10":1,"11":1,"12":1,"13":0,"14":0,"15":0,"16":0,"17":0,"18":1,"19":1,"20":0,"21":1,"22":0,"23":0,"24":0,"25":0},"b":{"1":[8,0],"2":[0,0],"3":[2,0],"4":[2,0],"5":[6,0],"6":[6,0],"7":[1,0],"8":[1,0],"9":[1,0],"10":[1,0],"11":[0,0],"12":[0,0],"13":[0,0],"14":[1,0],"15":[1,0],"16":[0,0],"17":[0,0],"18":[0,0]},"f":{"1":15,"2":8,"3":0,"4":2,"5":0,"6":8,"7":6,"8":1,"9":1,"10":0,"11":0,"12":0,"13":1,"14":1,"15":0,"16":1,"17":0},"fnMap":{"1":{"name":"constructor","line":47,"loc":{"start":{"line":47,"column":4},"end":{"line":50,"column":4}}},"2":{"name":"onlyPatient","line":52,"loc":{"start":{"line":52,"column":4},"end":{"line":55,"column":4}}},"3":{"name":"onlyDoctor","line":57,"loc":{"start":{"line":57,"column":4},"end":{"line":60,"column":4}}},"4":{"name":"onlyOwnerOrDoctor","line":62,"loc":{"start":{"line":62,"column":4},"end":{"line":68,"column":4}}},"5":{"name":"isPatientOwner","line":70,"loc":{"start":{"line":70,"column":4},"end":{"line":72,"column":4}}},"6":{"name":"isDoctor","line":74,"loc":{"start":{"line":74,"column":4},"end":{"line":76,"column":4}}},"7":{"name":"addDoctor","line":78,"loc":{"start":{"line":78,"column":4},"end":{"line":84,"column":4}}},"8":{"name":"removeDoctor","line":86,"loc":{"start":{"line":86,"column":4},"end":{"line":96,"column":4}}},"9":{"name":"updatePatientProfile","line":98,"loc":{"start":{"line":98,"column":4},"end":{"line":100,"column":4}}},"10":{"name":"addTransaction","line":102,"loc":{"start":{"line":102,"column":4},"end":{"line":105,"column":4}}},"11":{"name":"getTransactionCount","line":107,"loc":{"start":{"line":107,"column":4},"end":{"line":109,"column":4}}},"12":{"name":"getTransactionHash","line":111,"loc":{"start":{"line":111,"column":4},"end":{"line":114,"column":4}}},"13":{"name":"patientProfile","line":116,"loc":{"start":{"line":116,"column":4},"end":{"line":118,"column":4}}},"14":{"name":"showDoctorList","line":120,"loc":{"start":{"line":120,"column":4},"end":{"line":122,"column":4}}},"15":{"name":"getPatient","line":124,"loc":{"start":{"line":124,"column":4},"end":{"line":126,"column":4}}},"16":{"name":"getDoctorCount","line":129,"loc":{"start":{"line":129,"column":4},"end":{"line":131,"column":4}}},"17":{"name":"transferFee","line":133,"loc":{"start":{"line":133,"column":4},"end":{"line":140,"column":4}}}},"statementMap":{"1":{"start":{"line":53,"column":8},"end":{"line":53,"column":83}},"2":{"start":{"line":58,"column":8},"end":{"line":58,"column":91}},"3":{"start":{"line":63,"column":8},"end":{"line":63,"column":1954}},"4":{"start":{"line":71,"column":8},"end":{"line":71,"column":51}},"5":{"start":{"line":75,"column":8},"end":{"line":75,"column":32}},"6":{"start":{"line":79,"column":8},"end":{"line":79,"column":2470}},"7":{"start":{"line":81,"column":12},"end":{"line":81,"column":40}},"8":{"start":{"line":82,"column":12},"end":{"line":82,"column":37}},"9":{"start":{"line":87,"column":8},"end":{"line":87,"column":63}},"10":{"start":{"line":89,"column":8},"end":{"line":89,"column":2826}},"11":{"start":{"line":90,"column":12},"end":{"line":90,"column":2898}},"12":{"start":{"line":92,"column":16},"end":{"line":92,"column":36}},"13":{"start":{"line":103,"column":8},"end":{"line":103,"column":72}},"14":{"start":{"line":104,"column":8},"end":{"line":104,"column":91}},"15":{"start":{"line":108,"column":8},"end":{"line":108,"column":53}},"16":{"start":{"line":112,"column":8},"end":{"line":112,"column":91}},"17":{"start":{"line":113,"column":8},"end":{"line":113,"column":58}},"18":{"start":{"line":117,"column":8},"end":{"line":117,"column":43}},"19":{"start":{"line":121,"column":8},"end":{"line":121,"column":30}},"20":{"start":{"line":125,"column":8},"end":{"line":125,"column":33}},"21":{"start":{"line":130,"column":8},"end":{"line":130,"column":37}},"22":{"start":{"line":134,"column":8},"end":{"line":134,"column":58}},"23":{"start":{"line":135,"column":8},"end":{"line":135,"column":81}},"24":{"start":{"line":137,"column":8},"end":{"line":137,"column":62}},"25":{"start":{"line":138,"column":8},"end":{"line":138,"column":35}}},"branchMap":{"1":{"line":53,"type":"if","locations":[{"start":{"line":53,"column":8},"end":{"line":53,"column":8}},{"start":{"line":53,"column":8},"end":{"line":53,"column":8}}]},"2":{"line":58,"type":"if","locations":[{"start":{"line":58,"column":8},"end":{"line":58,"column":8}},{"start":{"line":58,"column":8},"end":{"line":58,"column":8}}]},"3":{"line":63,"type":"if","locations":[{"start":{"line":63,"column":8},"end":{"line":63,"column":8}},{"start":{"line":63,"column":8},"end":{"line":63,"column":8}}]},"4":{"line":64,"type":"cond-expr","locations":[{"start":{"line":64,"column":12},"end":{"line":64,"column":32}},{"start":{"line":64,"column":37},"end":{"line":64,"column":63}}]},"5":{"line":78,"type":"if","locations":[{"start":{"line":78,"column":47},"end":{"line":78,"column":47}},{"start":{"line":78,"column":47},"end":{"line":78,"column":47}}]},"6":{"line":79,"type":"if","locations":[{"start":{"line":79,"column":8},"end":{"line":79,"column":8}},{"start":{"line":79,"column":8},"end":{"line":79,"column":8}}]},"7":{"line":86,"type":"if","locations":[{"start":{"line":86,"column":56},"end":{"line":86,"column":56}},{"start":{"line":86,"column":56},"end":{"line":86,"column":56}}]},"8":{"line":87,"type":"if","locations":[{"start":{"line":87,"column":8},"end":{"line":87,"column":8}},{"start":{"line":87,"column":8},"end":{"line":87,"column":8}}]},"9":{"line":90,"type":"if","locations":[{"start":{"line":90,"column":12},"end":{"line":90,"column":12}},{"start":{"line":90,"column":12},"end":{"line":90,"column":12}}]},"10":{"line":98,"type":"if","locations":[{"start":{"line":98,"column":65},"end":{"line":98,"column":65}},{"start":{"line":98,"column":65},"end":{"line":98,"column":65}}]},"11":{"line":102,"type":"if","locations":[{"start":{"line":102,"column":67},"end":{"line":102,"column":67}},{"start":{"line":102,"column":67},"end":{"line":102,"column":67}}]},"12":{"line":111,"type":"if","locations":[{"start":{"line":111,"column":59},"end":{"line":111,"column":59}},{"start":{"line":111,"column":59},"end":{"line":111,"column":59}}]},"13":{"line":112,"type":"if","locations":[{"start":{"line":112,"column":8},"end":{"line":112,"column":8}},{"start":{"line":112,"column":8},"end":{"line":112,"column":8}}]},"14":{"line":116,"type":"if","locations":[{"start":{"line":116,"column":42},"end":{"line":116,"column":42}},{"start":{"line":116,"column":42},"end":{"line":116,"column":42}}]},"15":{"line":120,"type":"if","locations":[{"start":{"line":120,"column":42},"end":{"line":120,"column":42}},{"start":{"line":120,"column":42},"end":{"line":120,"column":42}}]},"16":{"line":133,"type":"if","locations":[{"start":{"line":133,"column":66},"end":{"line":133,"column":66}},{"start":{"line":133,"column":66},"end":{"line":133,"column":66}}]},"17":{"line":134,"type":"if","locations":[{"start":{"line":134,"column":8},"end":{"line":134,"column":8}},{"start":{"line":134,"column":8},"end":{"line":134,"column":8}}]},"18":{"line":135,"type":"if","locations":[{"start":{"line":135,"column":8},"end":{"line":135,"column":8}},{"start":{"line":135,"column":8},"end":{"line":135,"column":8}}]}}}}