TN:
SF:C:\Users\jafari\thesis-hardhat\coin\contracts\FeeToken.sol
FN:8,constructor
FNF:1
FNH:1
FNDA:15,constructor
DA:9,15
LF:1
LH:1
BRF:0
BRH:0
end_of_record
TN:
SF:C:\Users\jafari\thesis-hardhat\coin\contracts\patient.sol
FN:47,constructor
FN:52,onlyPatient
FN:57,onlyDoctor
FN:62,onlyOwnerOrDoctor
FN:70,isPatientOwner
FN:74,isDoctor
FN:78,addDoctor
FN:86,removeDoctor
FN:98,updatePatientProfile
FN:102,addTransaction
FN:107,getTransactionCount
FN:111,getTransactionHash
FN:116,patientProfile
FN:120,showDoctorList
FN:124,getPatient
FN:129,getDoctorCount
FN:133,transferFee
FNF:17
FNH:10
FNDA:15,constructor
FNDA:8,onlyPatient
FNDA:0,onlyDoctor
FNDA:2,onlyOwnerOrDoctor
FNDA:0,isPatientOwner
FNDA:8,isDoctor
FNDA:6,addDoctor
FNDA:1,removeDoctor
FNDA:1,updatePatientProfile
FNDA:0,addTransaction
FNDA:0,getTransactionCount
FNDA:0,getTransactionHash
FNDA:1,patientProfile
FNDA:1,showDoctorList
FNDA:0,getPatient
FNDA:1,getDoctorCount
FNDA:0,transferFee
DA:48,15
DA:49,15
DA:53,8
DA:54,8
DA:58,0
DA:59,0
DA:63,2
DA:67,2
DA:71,0
DA:75,8
DA:79,6
DA:80,6
DA:81,6
DA:82,6
DA:87,1
DA:88,1
DA:89,1
DA:90,1
DA:91,1
DA:92,1
DA:93,1
DA:99,1
DA:103,0
DA:104,0
DA:108,0
DA:112,0
DA:113,0
DA:117,1
DA:121,1
DA:125,0
DA:130,1
DA:134,0
DA:135,0
DA:137,0
DA:138,0
LF:35
LH:22
BRDA:53,1,0,8
BRDA:53,1,1,0
BRDA:58,2,0,0
BRDA:58,2,1,0
BRDA:63,3,0,2
BRDA:63,3,1,0
BRDA:64,4,0,2
BRDA:64,4,1,0
BRDA:78,5,0,6
BRDA:78,5,1,0
BRDA:79,6,0,6
BRDA:79,6,1,0
BRDA:86,7,0,1
BRDA:86,7,1,0
BRDA:87,8,0,1
BRDA:87,8,1,0
BRDA:90,9,0,1
BRDA:90,9,1,0
BRDA:98,10,0,1
BRDA:98,10,1,0
BRDA:102,11,0,0
BRDA:102,11,1,0
BRDA:111,12,0,0
BRDA:111,12,1,0
BRDA:112,13,0,0
BRDA:112,13,1,0
BRDA:116,14,0,1
BRDA:116,14,1,0
BRDA:120,15,0,1
BRDA:120,15,1,0
BRDA:133,16,0,0
BRDA:133,16,1,0
BRDA:134,17,0,0
BRDA:134,17,1,0
BRDA:135,18,0,0
BRDA:135,18,1,0
BRF:36
BRH:11
end_of_record
